<?xml version="1.0" encoding="UTF-8"?>
<!-- Generated by org.testng.reporters.JUnitReportReporter -->
<testsuite hostname="Dhivakar" failures="0" tests="2" name="CapstoneProjects.FlightSearchTest" time="86.308" errors="0" timestamp="2024-05-28T16:22:24 IST" skipped="0">
  <testcase classname="CapstoneProjects.FlightSearchTest" name="searchOneWayFlight" time="74.710"/>
  <system-out/>
  <testcase classname="CapstoneProjects.FlightSearchTest" name="searchRoundTripFlight" time="11.598"/>
  <system-out/>
</testsuite> <!-- CapstoneProjects.FlightSearchTest -->
