<?xml version="1.0" encoding="UTF-8"?>
<!-- Generated by org.testng.reporters.JUnitReportReporter -->
<testsuite hostname="Dhivakar" failures="0" tests="1" name="CapstoneProjects.BookingFormTest" time="18.199" errors="0" timestamp="2024-05-28T16:22:24 IST" skipped="0">
  <testcase classname="CapstoneProjects.BookingFormTest" name="fillBookingFromAndSubmit" time="18.199"/>
  <system-out/>
</testsuite> <!-- CapstoneProjects.BookingFormTest -->
